{
  "RSpec": {
    "coverage": {
      "/Users/chrissmith/Projects/turing/1module/event_manager/lib/event_manager.rb": [
        1,
        1,
        1,
        null,
        1,
        1,
        null,
        1,
        1,
        null,
        null,
        1,
        1,
        1,
        19,
        19,
        19,
        null,
        null,
        null,
        null,
        1
      ],
      "/Users/chrissmith/Projects/turing/1module/event_manager/lib/sanitize_module.rb": [
        1,
        1,
        23,
        null,
        null
      ]
    },
    "timestamp": 1491511264
  }
}
